SF:lib/src/constant/api_endpoint.dart
DA:2,0
LF:1
LH:0
end_of_record
SF:lib/src/network/request_failure.dart
DA:6,1
DA:8,0
DA:9,0
DA:13,0
DA:18,0
DA:23,0
DA:28,0
DA:33,0
DA:38,0
DA:43,0
LF:10
LH:1
end_of_record
SF:lib/src/network/spoo_me_api_client.dart
DA:8,1
DA:9,1
DA:13,1
DA:14,2
DA:15,2
DA:20,1
DA:23,1
DA:28,2
DA:29,1
DA:31,1
DA:34,2
DA:35,1
DA:38,1
DA:39,1
DA:40,1
DA:41,1
DA:42,1
DA:43,1
DA:45,0
DA:48,1
DA:49,2
DA:51,1
DA:53,1
DA:55,1
DA:57,1
DA:60,3
DA:65,1
DA:70,1
DA:75,2
DA:76,1
DA:77,1
DA:80,1
DA:83,1
DA:86,1
DA:87,2
DA:89,1
DA:90,1
DA:92,0
DA:94,2
DA:95,1
DA:96,1
DA:99,1
DA:100,2
DA:102,1
DA:104,1
DA:107,3
LF:46
LH:44
end_of_record
SF:lib/src/constant/error_message.dart
DA:2,0
LF:1
LH:0
end_of_record
SF:lib/src/models/short_url_response.dart
DA:9,2
DA:13,2
DA:14,2
LF:3
LH:3
end_of_record
SF:lib/src/models/short_url_response.g.dart
DA:9,2
DA:10,2
DA:11,2
LF:3
LH:3
end_of_record
SF:lib/src/models/short_url_param.dart
DA:9,2
DA:19,4
LF:2
LH:2
end_of_record
SF:lib/src/models/short_url_param.g.dart
DA:9,0
DA:10,0
DA:11,0
DA:12,0
DA:13,0
DA:16,2
DA:17,2
DA:18,2
DA:21,2
DA:23,1
DA:27,4
DA:28,4
LF:12
LH:7
end_of_record
SF:lib/src/models/url_statistics_response.dart
DA:31,2
DA:44,2
DA:45,2
LF:3
LH:3
end_of_record
SF:lib/src/models/url_statistics_response.g.dart
DA:9,2
DA:11,2
DA:12,2
DA:13,2
DA:14,4
DA:15,2
DA:16,2
DA:17,2
DA:18,2
DA:20,4
DA:21,2
DA:22,2
LF:12
LH:12
end_of_record
