SF:lib/src/constant/api_endpoint.dart
DA:2,0
LF:1
LH:0
end_of_record
SF:lib/src/network/request_failure.dart
DA:6,1
DA:8,0
DA:9,0
DA:13,0
DA:18,0
DA:23,0
DA:28,0
DA:33,0
DA:38,0
DA:43,0
LF:10
LH:1
end_of_record
SF:lib/src/network/spoo_me_api_client.dart
DA:8,1
DA:9,1
DA:13,1
DA:14,2
DA:15,2
DA:20,1
DA:23,1
DA:27,1
DA:31,1
DA:34,1
DA:37,2
DA:38,1
DA:43,2
DA:44,1
DA:47,1
DA:48,1
DA:49,1
DA:50,1
DA:51,1
DA:52,1
DA:54,0
DA:57,1
DA:58,2
DA:60,1
DA:62,1
DA:64,1
DA:66,1
DA:69,3
DA:74,1
DA:79,1
DA:84,2
DA:85,1
DA:86,1
DA:89,1
DA:92,1
DA:95,1
DA:96,2
DA:98,1
DA:99,1
DA:101,0
DA:103,2
DA:104,1
DA:105,1
DA:108,1
DA:109,2
DA:111,1
DA:113,1
DA:116,3
LF:48
LH:46
end_of_record
SF:lib/src/constant/error_message.dart
DA:2,0
LF:1
LH:0
end_of_record
SF:lib/src/models/short_url_response.dart
DA:9,2
DA:13,2
DA:14,2
LF:3
LH:3
end_of_record
SF:lib/src/models/short_url_response.g.dart
DA:9,2
DA:10,2
DA:11,2
LF:3
LH:3
end_of_record
SF:lib/src/models/url_statistics_response.dart
DA:31,2
DA:44,2
DA:45,2
LF:3
LH:3
end_of_record
SF:lib/src/models/url_statistics_response.g.dart
DA:9,2
DA:11,2
DA:12,2
DA:13,2
DA:14,4
DA:15,2
DA:16,2
DA:17,2
DA:18,2
DA:20,4
DA:21,2
DA:22,2
LF:12
LH:12
end_of_record
