SF:lib/src/database/database.g.dart
DA:11,2
DA:14,4
DA:15,2
DA:20,2
DA:24,4
DA:25,2
DA:30,4
DA:31,2
DA:36,4
DA:37,2
DA:42,4
DA:43,2
DA:46,2
DA:51,4
DA:52,2
DA:57,4
DA:58,2
DA:61,2
DA:64,2
DA:65,2
DA:66,2
DA:67,2
DA:68,2
DA:69,2
DA:70,2
DA:71,2
DA:72,2
DA:74,2
DA:75,4
DA:76,2
DA:79,2
DA:82,2
DA:83,2
DA:84,2
DA:85,4
DA:87,2
DA:88,2
DA:89,6
DA:91,0
DA:93,2
DA:94,2
DA:96,4
DA:97,2
DA:99,0
DA:101,2
DA:102,2
DA:104,4
DA:105,2
DA:107,0
DA:109,2
DA:110,2
DA:112,4
DA:113,2
DA:115,0
DA:117,2
DA:118,0
DA:119,0
DA:121,2
DA:122,2
DA:124,4
DA:125,2
DA:130,2
DA:131,2
DA:132,2
DA:134,1
DA:135,2
DA:136,4
DA:137,6
DA:138,4
DA:139,6
DA:140,4
DA:141,6
DA:142,4
DA:143,6
DA:144,4
DA:145,6
DA:146,4
DA:147,6
DA:148,4
DA:149,6
DA:153,0
DA:155,0
DA:167,2
DA:176,2
DA:184,2
DA:185,2
DA:186,2
DA:187,2
DA:188,0
DA:197,0
DA:198,0
DA:199,0
DA:200,0
DA:201,0
DA:202,0
DA:203,0
DA:204,0
DA:208,0
DA:216,0
DA:217,0
DA:218,0
DA:219,0
DA:220,0
DA:221,0
DA:222,0
DA:223,0
DA:227,2
DA:229,2
DA:230,4
DA:231,4
DA:233,4
DA:234,8
DA:236,4
DA:237,8
DA:239,4
DA:240,8
DA:242,4
DA:243,8
DA:245,4
DA:246,0
DA:248,4
DA:249,8
DA:254,0
DA:256,0
DA:257,0
DA:258,0
DA:259,0
DA:260,0
DA:261,0
DA:262,0
DA:263,0
DA:264,0
DA:265,0
DA:270,4
DA:271,2
DA:272,4
DA:273,0
DA:275,0
DA:276,2
DA:277,4
DA:303,1
DA:310,2
DA:311,4
DA:313,0
DA:314,0
DA:316,0
DA:317,0
DA:319,0
DA:320,0
DA:322,0
DA:323,0
DA:324,0
DA:326,0
DA:327,0
DA:329,2
DA:330,4
DA:335,0
DA:342,0
DA:343,0
DA:345,0
DA:346,0
DA:348,0
DA:349,0
DA:351,0
DA:352,0
DA:353,0
DA:355,0
DA:356,0
DA:357,0
DA:359,0
DA:360,0
DA:362,0
DA:363,0
DA:368,0
DA:375,0
DA:376,0
DA:378,0
DA:379,0
DA:381,0
DA:382,0
DA:384,0
DA:385,0
DA:387,0
DA:388,0
DA:390,0
DA:391,0
DA:393,0
DA:394,0
DA:412,1
DA:413,2
DA:416,1
DA:417,1
DA:418,0
DA:419,0
DA:420,0
DA:421,0
DA:422,1
DA:431,1
DA:440,1
DA:449,1
DA:458,0
DA:459,0
DA:460,0
DA:483,1
DA:484,1
DA:485,4
LF:206
LH:116
end_of_record
SF:lib/src/database/database.dart
DA:9,0
DA:11,2
DA:14,0
DA:15,0
DA:18,2
LF:5
LH:2
end_of_record
SF:lib/src/database/short_url_table.dart
DA:6,0
DA:7,0
DA:8,0
DA:9,0
DA:10,0
DA:11,0
DA:12,0
LF:7
LH:0
end_of_record
SF:lib/src/models/short_url_item_model.dart
DA:10,4
LF:1
LH:1
end_of_record
SF:lib/src/clip_link_database_client.dart
DA:6,1
DA:7,0
DA:9,1
DA:10,4
DA:11,2
DA:12,1
DA:13,1
DA:14,1
DA:15,1
DA:16,1
DA:17,0
DA:23,1
DA:24,4
DA:26,1
DA:27,3
DA:28,4
DA:29,1
DA:31,1
DA:32,3
DA:33,1
DA:34,3
DA:36,1
DA:37,2
DA:42,1
DA:43,8
DA:44,2
LF:26
LH:24
end_of_record
